2016-08-24 20:34:49,952 [INFO] from application in ForkJoinPool-1-worker-1 - Creating Pool for datasource 'default'
2016-08-24 20:34:50,276 [INFO] from play.api.db.DefaultDBApi in ForkJoinPool-1-worker-1 - Database [default] connected at jdbc:mysql://localhost/test
2016-08-24 20:34:50,985 [INFO] from application in ForkJoinPool-1-worker-1 - ApplicationTimer demo: Starting application at 2016-08-24T17:34:50.984Z
2016-08-24 20:34:51,217 [INFO] from play.api.Play in ForkJoinPool-1-worker-1 - Application started (Dev)
2016-08-24 20:35:45,836 [INFO] from application in application-akka.actor.default-dispatcher-5 - ApplicationTimer demo: Stopping application at 2016-08-24T17:35:45.836Z after 55s.
2016-08-24 20:35:45,838 [INFO] from application in application-akka.actor.default-dispatcher-5 - Shutting down connection pool.
2016-08-24 20:35:46,021 [INFO] from application in application-akka.actor.default-dispatcher-5 - Creating Pool for datasource 'default'
2016-08-24 20:35:46,032 [INFO] from play.api.db.DefaultDBApi in application-akka.actor.default-dispatcher-5 - Database [default] connected at jdbc:mysql://localhost/test
2016-08-24 20:35:46,090 [INFO] from application in application-akka.actor.default-dispatcher-5 - ApplicationTimer demo: Starting application at 2016-08-24T17:35:46.090Z
2016-08-24 20:35:46,193 [INFO] from play.api.Play in application-akka.actor.default-dispatcher-5 - Application started (Dev)
2016-08-24 20:36:23,292 [INFO] from application in application-akka.actor.default-dispatcher-8 - ApplicationTimer demo: Stopping application at 2016-08-24T17:36:23.292Z after 37s.
2016-08-24 20:36:23,292 [INFO] from application in application-akka.actor.default-dispatcher-8 - Shutting down connection pool.
2016-08-24 20:36:23,482 [INFO] from application in application-akka.actor.default-dispatcher-8 - Creating Pool for datasource 'default'
2016-08-24 20:36:23,491 [INFO] from play.api.db.DefaultDBApi in application-akka.actor.default-dispatcher-8 - Database [default] connected at jdbc:mysql://localhost/test
2016-08-24 20:36:23,533 [INFO] from application in application-akka.actor.default-dispatcher-8 - ApplicationTimer demo: Starting application at 2016-08-24T17:36:23.533Z
2016-08-24 20:36:23,602 [INFO] from play.api.Play in application-akka.actor.default-dispatcher-8 - Application started (Dev)
2016-08-24 20:59:44,203 [ERROR] from application in netty-event-loop-8 - 

! @7176ecli9 - Internal server error, for (GET) [/] ->
 
play.sbt.PlayExceptions$CompilationException: Compilation error[type mismatch;
 found   : java.util.List[models.Category]
 required: play.twirl.api.Html]
	at play.sbt.PlayExceptions$CompilationException$.apply(PlayExceptions.scala:27)
	at play.sbt.PlayExceptions$CompilationException$.apply(PlayExceptions.scala:27)
	at scala.Option.map(Option.scala:145)
	at play.sbt.run.PlayReload$$anonfun$taskFailureHandler$1.apply(PlayReload.scala:49)
	at play.sbt.run.PlayReload$$anonfun$taskFailureHandler$1.apply(PlayReload.scala:44)
	at scala.Option.map(Option.scala:145)
	at play.sbt.run.PlayReload$.taskFailureHandler(PlayReload.scala:44)
	at play.sbt.run.PlayReload$.compileFailure(PlayReload.scala:40)
	at play.sbt.run.PlayReload$$anonfun$compile$1.apply(PlayReload.scala:17)
	at play.sbt.run.PlayReload$$anonfun$compile$1.apply(PlayReload.scala:17)
	at scala.util.Either$LeftProjection.map(Either.scala:377)
	at play.sbt.run.PlayReload$.compile(PlayReload.scala:17)
	at play.sbt.run.PlayRun$$anonfun$playRunTask$1$$anonfun$apply$2$$anonfun$apply$3$$anonfun$2.apply(PlayRun.scala:61)
	at play.sbt.run.PlayRun$$anonfun$playRunTask$1$$anonfun$apply$2$$anonfun$apply$3$$anonfun$2.apply(PlayRun.scala:61)
	at play.runsupport.Reloader$$anonfun$reload$1.apply(Reloader.scala:339)
	at play.runsupport.Reloader$$anon$3.run(Reloader.scala:44)
	at java.security.AccessController.doPrivileged(Native Method)
	at play.runsupport.Reloader$.play$runsupport$Reloader$$withReloaderContextClassLoader(Reloader.scala:40)
	at play.runsupport.Reloader.reload(Reloader.scala:337)
	at play.core.server.DevServerStart$$anonfun$mainDev$1$$anon$1$$anonfun$get$1.apply(DevServerStart.scala:123)
	at play.core.server.DevServerStart$$anonfun$mainDev$1$$anon$1$$anonfun$get$1.apply(DevServerStart.scala:121)
	at scala.concurrent.impl.Future$PromiseCompletingRunnable.liftedTree1$1(Future.scala:24)
	at scala.concurrent.impl.Future$PromiseCompletingRunnable.run(Future.scala:24)
	at akka.dispatch.TaskInvocation.run(AbstractDispatcher.scala:39)
	at akka.dispatch.ForkJoinExecutorConfigurator$AkkaForkJoinTask.exec(AbstractDispatcher.scala:409)
	at scala.concurrent.forkjoin.ForkJoinTask.doExec(ForkJoinTask.java:260)
	at scala.concurrent.forkjoin.ForkJoinPool$WorkQueue.runTask(ForkJoinPool.java:1339)
	at scala.concurrent.forkjoin.ForkJoinPool.runWorker(ForkJoinPool.java:1979)
	at scala.concurrent.forkjoin.ForkJoinWorkerThread.run(ForkJoinWorkerThread.java:107)
2016-08-24 21:00:49,271 [INFO] from application in application-akka.actor.default-dispatcher-9 - ApplicationTimer demo: Stopping application at 2016-08-24T18:00:49.271Z after 1466s.
2016-08-24 21:00:49,271 [INFO] from application in application-akka.actor.default-dispatcher-9 - Shutting down connection pool.
2016-08-24 21:00:49,434 [INFO] from application in application-akka.actor.default-dispatcher-9 - Creating Pool for datasource 'default'
2016-08-24 21:00:49,445 [INFO] from play.api.db.DefaultDBApi in application-akka.actor.default-dispatcher-9 - Database [default] connected at jdbc:mysql://localhost/test
2016-08-24 21:00:49,493 [INFO] from application in application-akka.actor.default-dispatcher-9 - ApplicationTimer demo: Starting application at 2016-08-24T18:00:49.493Z
2016-08-24 21:00:49,584 [INFO] from play.api.Play in application-akka.actor.default-dispatcher-9 - Application started (Dev)
2016-08-24 21:21:38,929 [ERROR] from application in netty-event-loop-5 - 

! @7176h9ggp - Internal server error, for (GET) [/contact] ->
 
play.sbt.PlayExceptions$CompilationException: Compilation error[not found: value e]
	at play.sbt.PlayExceptions$CompilationException$.apply(PlayExceptions.scala:27)
	at play.sbt.PlayExceptions$CompilationException$.apply(PlayExceptions.scala:27)
	at scala.Option.map(Option.scala:145)
	at play.sbt.run.PlayReload$$anonfun$taskFailureHandler$1.apply(PlayReload.scala:49)
	at play.sbt.run.PlayReload$$anonfun$taskFailureHandler$1.apply(PlayReload.scala:44)
	at scala.Option.map(Option.scala:145)
	at play.sbt.run.PlayReload$.taskFailureHandler(PlayReload.scala:44)
	at play.sbt.run.PlayReload$.compileFailure(PlayReload.scala:40)
	at play.sbt.run.PlayReload$$anonfun$compile$1.apply(PlayReload.scala:17)
	at play.sbt.run.PlayReload$$anonfun$compile$1.apply(PlayReload.scala:17)
	at scala.util.Either$LeftProjection.map(Either.scala:377)
	at play.sbt.run.PlayReload$.compile(PlayReload.scala:17)
	at play.sbt.run.PlayRun$$anonfun$playRunTask$1$$anonfun$apply$2$$anonfun$apply$3$$anonfun$2.apply(PlayRun.scala:61)
	at play.sbt.run.PlayRun$$anonfun$playRunTask$1$$anonfun$apply$2$$anonfun$apply$3$$anonfun$2.apply(PlayRun.scala:61)
	at play.runsupport.Reloader$$anonfun$reload$1.apply(Reloader.scala:339)
	at play.runsupport.Reloader$$anon$3.run(Reloader.scala:44)
	at java.security.AccessController.doPrivileged(Native Method)
	at play.runsupport.Reloader$.play$runsupport$Reloader$$withReloaderContextClassLoader(Reloader.scala:40)
	at play.runsupport.Reloader.reload(Reloader.scala:337)
	at play.core.server.DevServerStart$$anonfun$mainDev$1$$anon$1$$anonfun$get$1.apply(DevServerStart.scala:123)
	at play.core.server.DevServerStart$$anonfun$mainDev$1$$anon$1$$anonfun$get$1.apply(DevServerStart.scala:121)
	at scala.concurrent.impl.Future$PromiseCompletingRunnable.liftedTree1$1(Future.scala:24)
	at scala.concurrent.impl.Future$PromiseCompletingRunnable.run(Future.scala:24)
	at akka.dispatch.TaskInvocation.run(AbstractDispatcher.scala:39)
	at akka.dispatch.ForkJoinExecutorConfigurator$AkkaForkJoinTask.exec(AbstractDispatcher.scala:409)
	at scala.concurrent.forkjoin.ForkJoinTask.doExec(ForkJoinTask.java:260)
	at scala.concurrent.forkjoin.ForkJoinPool$WorkQueue.runTask(ForkJoinPool.java:1339)
	at scala.concurrent.forkjoin.ForkJoinPool.runWorker(ForkJoinPool.java:1979)
	at scala.concurrent.forkjoin.ForkJoinWorkerThread.run(ForkJoinWorkerThread.java:107)
2016-08-24 21:22:03,722 [INFO] from application in application-akka.actor.default-dispatcher-62 - ApplicationTimer demo: Stopping application at 2016-08-24T18:22:03.722Z after 1274s.
2016-08-24 21:22:03,723 [INFO] from application in application-akka.actor.default-dispatcher-62 - Shutting down connection pool.
2016-08-24 21:22:03,852 [INFO] from application in application-akka.actor.default-dispatcher-62 - Creating Pool for datasource 'default'
2016-08-24 21:22:03,867 [INFO] from play.api.db.DefaultDBApi in application-akka.actor.default-dispatcher-62 - Database [default] connected at jdbc:mysql://localhost/test
2016-08-24 21:22:03,909 [INFO] from application in application-akka.actor.default-dispatcher-62 - ApplicationTimer demo: Starting application at 2016-08-24T18:22:03.909Z
2016-08-24 21:22:03,990 [INFO] from play.api.Play in application-akka.actor.default-dispatcher-62 - Application started (Dev)
2016-08-24 21:25:49,267 [INFO] from application in application-akka.actor.default-dispatcher-10 - ApplicationTimer demo: Stopping application at 2016-08-24T18:25:49.267Z after 226s.
2016-08-24 21:25:49,268 [INFO] from application in application-akka.actor.default-dispatcher-10 - Shutting down connection pool.
2016-08-24 21:25:49,370 [INFO] from application in application-akka.actor.default-dispatcher-10 - Creating Pool for datasource 'default'
2016-08-24 21:25:49,380 [INFO] from play.api.db.DefaultDBApi in application-akka.actor.default-dispatcher-10 - Database [default] connected at jdbc:mysql://localhost/test
2016-08-24 21:25:49,418 [INFO] from application in application-akka.actor.default-dispatcher-10 - ApplicationTimer demo: Starting application at 2016-08-24T18:25:49.418Z
2016-08-24 21:25:49,470 [INFO] from play.api.Play in application-akka.actor.default-dispatcher-10 - Application started (Dev)
2016-08-24 21:28:44,017 [ERROR] from application in netty-event-loop-1 - 

! @7176i7lcb - Internal server error, for (GET) [/contact] ->
 
play.sbt.PlayExceptions$CompilationException: Compilation error[not found: value leftmenu]
	at play.sbt.PlayExceptions$CompilationException$.apply(PlayExceptions.scala:27)
	at play.sbt.PlayExceptions$CompilationException$.apply(PlayExceptions.scala:27)
	at scala.Option.map(Option.scala:145)
	at play.sbt.run.PlayReload$$anonfun$taskFailureHandler$1.apply(PlayReload.scala:49)
	at play.sbt.run.PlayReload$$anonfun$taskFailureHandler$1.apply(PlayReload.scala:44)
	at scala.Option.map(Option.scala:145)
	at play.sbt.run.PlayReload$.taskFailureHandler(PlayReload.scala:44)
	at play.sbt.run.PlayReload$.compileFailure(PlayReload.scala:40)
	at play.sbt.run.PlayReload$$anonfun$compile$1.apply(PlayReload.scala:17)
	at play.sbt.run.PlayReload$$anonfun$compile$1.apply(PlayReload.scala:17)
	at scala.util.Either$LeftProjection.map(Either.scala:377)
	at play.sbt.run.PlayReload$.compile(PlayReload.scala:17)
	at play.sbt.run.PlayRun$$anonfun$playRunTask$1$$anonfun$apply$2$$anonfun$apply$3$$anonfun$2.apply(PlayRun.scala:61)
	at play.sbt.run.PlayRun$$anonfun$playRunTask$1$$anonfun$apply$2$$anonfun$apply$3$$anonfun$2.apply(PlayRun.scala:61)
	at play.runsupport.Reloader$$anonfun$reload$1.apply(Reloader.scala:339)
	at play.runsupport.Reloader$$anon$3.run(Reloader.scala:44)
	at java.security.AccessController.doPrivileged(Native Method)
	at play.runsupport.Reloader$.play$runsupport$Reloader$$withReloaderContextClassLoader(Reloader.scala:40)
	at play.runsupport.Reloader.reload(Reloader.scala:337)
	at play.core.server.DevServerStart$$anonfun$mainDev$1$$anon$1$$anonfun$get$1.apply(DevServerStart.scala:123)
	at play.core.server.DevServerStart$$anonfun$mainDev$1$$anon$1$$anonfun$get$1.apply(DevServerStart.scala:121)
	at scala.concurrent.impl.Future$PromiseCompletingRunnable.liftedTree1$1(Future.scala:24)
	at scala.concurrent.impl.Future$PromiseCompletingRunnable.run(Future.scala:24)
	at akka.dispatch.TaskInvocation.run(AbstractDispatcher.scala:39)
	at akka.dispatch.ForkJoinExecutorConfigurator$AkkaForkJoinTask.exec(AbstractDispatcher.scala:409)
	at scala.concurrent.forkjoin.ForkJoinTask.doExec(ForkJoinTask.java:260)
	at scala.concurrent.forkjoin.ForkJoinPool$WorkQueue.runTask(ForkJoinPool.java:1339)
	at scala.concurrent.forkjoin.ForkJoinPool.runWorker(ForkJoinPool.java:1979)
	at scala.concurrent.forkjoin.ForkJoinWorkerThread.run(ForkJoinWorkerThread.java:107)
2016-08-24 21:29:08,883 [INFO] from application in application-akka.actor.default-dispatcher-9 - ApplicationTimer demo: Stopping application at 2016-08-24T18:29:08.883Z after 199s.
2016-08-24 21:29:08,884 [INFO] from application in application-akka.actor.default-dispatcher-9 - Shutting down connection pool.
2016-08-24 21:29:09,058 [INFO] from application in application-akka.actor.default-dispatcher-9 - Creating Pool for datasource 'default'
2016-08-24 21:29:09,070 [INFO] from play.api.db.DefaultDBApi in application-akka.actor.default-dispatcher-9 - Database [default] connected at jdbc:mysql://localhost/test
2016-08-24 21:29:09,114 [INFO] from application in application-akka.actor.default-dispatcher-9 - ApplicationTimer demo: Starting application at 2016-08-24T18:29:09.114Z
2016-08-24 21:29:09,196 [INFO] from play.api.Play in application-akka.actor.default-dispatcher-9 - Application started (Dev)
2016-08-24 22:01:21,105 [ERROR] from application in netty-event-loop-3 - 

! @7176mf4f2 - Internal server error, for (GET) [/] ->
 
play.sbt.PlayExceptions$CompilationException: Compilation error[unexpected indentation]
	at play.sbt.PlayExceptions$CompilationException$.apply(PlayExceptions.scala:27)
	at play.sbt.PlayExceptions$CompilationException$.apply(PlayExceptions.scala:27)
	at scala.Option.map(Option.scala:145)
	at play.sbt.run.PlayReload$$anonfun$taskFailureHandler$1.apply(PlayReload.scala:49)
	at play.sbt.run.PlayReload$$anonfun$taskFailureHandler$1.apply(PlayReload.scala:44)
	at scala.Option.map(Option.scala:145)
	at play.sbt.run.PlayReload$.taskFailureHandler(PlayReload.scala:44)
	at play.sbt.run.PlayReload$.compileFailure(PlayReload.scala:40)
	at play.sbt.run.PlayReload$$anonfun$compile$1.apply(PlayReload.scala:17)
	at play.sbt.run.PlayReload$$anonfun$compile$1.apply(PlayReload.scala:17)
	at scala.util.Either$LeftProjection.map(Either.scala:377)
	at play.sbt.run.PlayReload$.compile(PlayReload.scala:17)
	at play.sbt.run.PlayRun$$anonfun$playRunTask$1$$anonfun$apply$2$$anonfun$apply$3$$anonfun$2.apply(PlayRun.scala:61)
	at play.sbt.run.PlayRun$$anonfun$playRunTask$1$$anonfun$apply$2$$anonfun$apply$3$$anonfun$2.apply(PlayRun.scala:61)
	at play.runsupport.Reloader$$anonfun$reload$1.apply(Reloader.scala:339)
	at play.runsupport.Reloader$$anon$3.run(Reloader.scala:44)
	at java.security.AccessController.doPrivileged(Native Method)
	at play.runsupport.Reloader$.play$runsupport$Reloader$$withReloaderContextClassLoader(Reloader.scala:40)
	at play.runsupport.Reloader.reload(Reloader.scala:337)
	at play.core.server.DevServerStart$$anonfun$mainDev$1$$anon$1$$anonfun$get$1.apply(DevServerStart.scala:123)
	at play.core.server.DevServerStart$$anonfun$mainDev$1$$anon$1$$anonfun$get$1.apply(DevServerStart.scala:121)
	at scala.concurrent.impl.Future$PromiseCompletingRunnable.liftedTree1$1(Future.scala:24)
	at scala.concurrent.impl.Future$PromiseCompletingRunnable.run(Future.scala:24)
	at akka.dispatch.TaskInvocation.run(AbstractDispatcher.scala:39)
	at akka.dispatch.ForkJoinExecutorConfigurator$AkkaForkJoinTask.exec(AbstractDispatcher.scala:409)
	at scala.concurrent.forkjoin.ForkJoinTask.doExec(ForkJoinTask.java:260)
	at scala.concurrent.forkjoin.ForkJoinPool$WorkQueue.runTask(ForkJoinPool.java:1339)
	at scala.concurrent.forkjoin.ForkJoinPool.runWorker(ForkJoinPool.java:1979)
	at scala.concurrent.forkjoin.ForkJoinWorkerThread.run(ForkJoinWorkerThread.java:107)
2016-08-24 22:02:03,791 [INFO] from application in application-akka.actor.default-dispatcher-109 - ApplicationTimer demo: Stopping application at 2016-08-24T19:02:03.791Z after 1974s.
2016-08-24 22:02:03,791 [INFO] from application in application-akka.actor.default-dispatcher-109 - Shutting down connection pool.
2016-08-24 22:02:03,872 [INFO] from application in application-akka.actor.default-dispatcher-109 - Creating Pool for datasource 'default'
2016-08-24 22:02:03,880 [INFO] from play.api.db.DefaultDBApi in application-akka.actor.default-dispatcher-109 - Database [default] connected at jdbc:mysql://localhost/test
2016-08-24 22:02:03,915 [INFO] from application in application-akka.actor.default-dispatcher-109 - ApplicationTimer demo: Starting application at 2016-08-24T19:02:03.915Z
2016-08-24 22:02:03,969 [INFO] from play.api.Play in application-akka.actor.default-dispatcher-109 - Application started (Dev)
2016-08-24 22:28:33,549 [INFO] from application in application-akka.actor.default-dispatcher-30 - ApplicationTimer demo: Stopping application at 2016-08-24T19:28:33.548Z after 1590s.
2016-08-24 22:28:33,549 [INFO] from application in application-akka.actor.default-dispatcher-30 - Shutting down connection pool.
2016-08-24 22:28:33,656 [INFO] from application in application-akka.actor.default-dispatcher-30 - Creating Pool for datasource 'default'
2016-08-24 22:28:33,663 [INFO] from play.api.db.DefaultDBApi in application-akka.actor.default-dispatcher-30 - Database [default] connected at jdbc:mysql://localhost/test
2016-08-24 22:28:33,689 [INFO] from application in application-akka.actor.default-dispatcher-30 - ApplicationTimer demo: Starting application at 2016-08-24T19:28:33.689Z
2016-08-24 22:28:33,741 [INFO] from play.api.Play in application-akka.actor.default-dispatcher-30 - Application started (Dev)
2016-08-24 22:41:53,378 [INFO] from application in application-akka.actor.default-dispatcher-51 - ApplicationTimer demo: Stopping application at 2016-08-24T19:41:53.378Z after 800s.
2016-08-24 22:41:53,379 [INFO] from application in application-akka.actor.default-dispatcher-51 - Shutting down connection pool.
2016-08-24 22:41:53,488 [INFO] from application in application-akka.actor.default-dispatcher-51 - Creating Pool for datasource 'default'
2016-08-24 22:41:53,495 [INFO] from play.api.db.DefaultDBApi in application-akka.actor.default-dispatcher-51 - Database [default] connected at jdbc:mysql://localhost/test
2016-08-24 22:41:53,529 [INFO] from application in application-akka.actor.default-dispatcher-51 - ApplicationTimer demo: Starting application at 2016-08-24T19:41:53.528Z
2016-08-24 22:41:53,577 [INFO] from play.api.Play in application-akka.actor.default-dispatcher-51 - Application started (Dev)
